[GIN-debug] [WARNING] Creating an Engine instance with the Logger and Recovery middleware already attached.

[GIN-debug] [WARNING] Running in "debug" mode. Switch to "release" mode in production.
 - using env:	export GIN_MODE=release
 - using code:	gin.SetMode(gin.ReleaseMode)

[GIN-debug] Loaded HTML Templates (4): 
	- 
	- index.tmpl
	- posts/index.tmpl
	- users/index.tmpl

[GIN-debug] GET    /posts/:action            --> main.main.func2 (4 handlers)
[GIN-debug] GET    /users/:name/:action      --> main.main.func3 (4 handlers)
[GIN-debug] GET    /hello/:name/:id          --> main.main.func4 (4 handlers)
[GIN-debug] GET    /raw                      --> main.main.func5 (4 handlers)
[GIN-debug] POST   /loginFrom                --> main.main.func6 (4 handlers)
[GIN-debug] POST   /loginJSON                --> main.main.func7 (4 handlers)
[GIN-debug] GET    /secureJSON               --> main.main.func8 (4 handlers)
[GIN-debug] GET    /JSONP?callback=x         --> main.main.func9 (4 handlers)
[GIN-debug] POST   /upload                   --> main.main.func10 (4 handlers)
[GIN-debug] GET    /redirect                 --> main.main.func11 (4 handlers)
[GIN-debug] GET    /test                     --> main.main.func12 (4 handlers)
[GIN-debug] GET    /test2                    --> main.main.func13 (4 handlers)
[GIN-debug] GET    /assets/*filepath         --> github.com/gin-gonic/gin.(*RouterGroup).createStaticHandler.func1 (4 handlers)
[GIN-debug] HEAD   /assets/*filepath         --> github.com/gin-gonic/gin.(*RouterGroup).createStaticHandler.func1 (4 handlers)
[GIN-debug] GET    /more_static/*filepath    --> github.com/gin-gonic/gin.(*RouterGroup).createStaticHandler.func1 (4 handlers)
[GIN-debug] HEAD   /more_static/*filepath    --> github.com/gin-gonic/gin.(*RouterGroup).createStaticHandler.func1 (4 handlers)
[GIN-debug] GET    /favicon.ico              --> github.com/gin-gonic/gin.(*RouterGroup).StaticFile.func1 (4 handlers)
[GIN-debug] HEAD   /favicon.ico              --> github.com/gin-gonic/gin.(*RouterGroup).StaticFile.func1 (4 handlers)
[GIN-debug] GET    /startPage                --> main.startPage (4 handlers)
[GIN-debug] Listening and serving HTTP on :9090
::1 - [Wed, 18 Sep 2019 10:32:37 CST] "GET /posts/index HTTP/1.1 200 2.662959ms "Mozilla/5.0 (Macintosh; Intel Mac OS X 10_12_6) AppleWebKit/537.36 (KHTML, like Gecko) Chrome/76.0.3809.132 Safari/537.36" "
[GIN] 2019/09/18 - 10:32:37 | 200 |    3.028585ms |             ::1 | GET      /posts/index
